
         ==============================
         S N O P T  7.7.7    (Feb 2021)
         ==============================

 Trial version of SNOPT -- for evaluation or academic purposes only
1

 Parameters
 ==========

 Files
 -----
 Solution file..........         0       Old basis file ........         0       Standard input.........         5
 Insert file............         0       New basis file ........         0       (Printer)..............        10
 Punch file.............         0       Backup basis file......         0       (Specs file)...........         0
 Load file..............         0       Dump file..............         0       Standard output........         6

 Frequencies
 -----------
 Print frequency........         1       Check frequency........        60       Save new basis map.....       100
 Summary frequency......         1       Factorization frequency        50       Expand frequency.......     10000

 QP subproblems
 --------------
 QPsolver Cholesky......
 Scale tolerance........     0.900       Minor feasibility tol..  1.00E-06       Iteration limit........   1000000
 Scale option...........         0       Minor optimality  tol..  1.00E-06       Minor print level......         1
 Crash tolerance........     0.100       Pivot tolerance........  3.25E-11       New superbasics........        99
 Crash option...........         3       Elastic weight.........  1.00E+05

 Partial pricing
 ---------------
 LP Partial price.......         1       Prtl price section ( A)       194       Prtl price section (-I)       126
 QP Partial price.......         1       Prtl price section ( A)       194       Prtl price section (-I)       126

 The SQP Method
 --------------
 Minimize...............                 Cold start.............                 Proximal Point method..         1
 Nonlinear objectiv vars       194       Major optimality tol...  1.00E-03       Function precision.....  3.00E-13
 Unbounded step size....  1.00E+20       Superbasics limit......       194       Difference interval....  5.48E-07
 Unbounded objective....  1.00E+10       Reduced Hessian dim....       194       Central difference int.  6.70E-05
 Major step limit.......  2.00E+00       Derivative linesearch..                 Derivative level.......         3
 Major iterations limit.     10000       Linesearch tolerance...   0.90000       Verify level...........         0
 Minor iterations limit.    200000       Penalty parameter......  0.00E+00       Major Print Level......         1
 Time limit (secs)...... 9999999.0

 Hessian Approximation
 ---------------------
 Hessian limited-memory.                 Hessian updates........        10       Hessian frequency......  99999999
                                                                                 Hessian flush..........  99999999

 Nonlinear constraints
 ---------------------
 Nonlinear constraints..       126       Major feasibility tol..  1.00E-03       Violation limit........  1.00E+06
 Nonlinear Jacobian vars       194

 Miscellaneous
 -------------
 LU factor tolerance....      3.99       LU singularity tol.....  3.25E-11       Timing level...........         3
 LU update tolerance....      3.99       LU swap tolerance......  1.22E-04       Debug level............         0
 LU partial  pivoting...                 eps (machine precision)  2.22E-16       System information.....        No
                                                                                 Sticky parameters......        No
1




 Matrix statistics
 -----------------
               Total      Normal        Free       Fixed     Bounded
 Rows            126           0           0           0         126
 Columns         194           0         173           0          21

 No. of matrix elements                 3024     Density      12.371
 Biggest  constant element        0.0000E+00  (excluding fixed columns,
 Smallest constant element        0.0000E+00   free rows, and RHS)

 No. of objective coefficients             0

 Nonlinear constraints     126     Linear constraints       0
 Nonlinear variables       194     Linear variables         0
 Jacobian  variables       194     Objective variables    194
 Total constraints         126     Total variables        194
1



 The user has defined    3024   out of    3024   constraint gradients.
 The user has defined     194   out of     194   objective  gradients.

 Cheap test of user-supplied problem derivatives...

 The constraint gradients seem to be OK.

 -->  The largest discrepancy was    2.92E-03  in constraint   317


 The objective  gradients seem to be OK.

 Gradient projected in one direction   1.14708267730E-04
 Difference approximation             -2.10996763002E-03
1


    Itn     QP mult  QP step   rgNorm          NonOpt   QP Objective   +SBS   -SBS    -BS    Pivot     L+U ncp    nS condZHZ
      0                                           191  3.1598488E-01                                   126
      1     7.2E-03  1.0E+00  0.0E+00             190  3.1595885E-01      9                            126         1 1.0E+00
      2     6.9E-03  1.0E+00  0.0E+00             189  3.1593509E-01    129                            126         2 1.0E+00
      3    -6.5E-03  1.0E+00  0.0E+00             188  3.1591365E-01     80                            126         3 1.0E+00
      4    -5.7E-03  1.0E+00  0.0E+00             187  3.1589759E-01     79                            126         4 1.0E+00
      5    -5.6E-03  1.0E+00  0.0E+00             186  3.1588192E-01     19                            126         5 1.0E+00
      6    -5.3E-03  1.0E+00  0.0E+00             185  3.1586812E-01     99                            126         6 1.0E+00
      7    -4.9E-03  1.0E+00  0.0E+00             184  3.1585610E-01    114                            126         7 1.0E+00
      8     4.5E-03  1.0E+00  0.0E+00             183  3.1584618E-01    102                            126         8 1.0E+00
      9     4.5E-03  1.0E+00  0.0E+00             182  3.1583626E-01     82                            126         9 1.0E+00
     10    -4.4E-03  1.0E+00  0.0E+00             181  3.1582669E-01    154                            126        10 1.0E+00
     11     4.4E-03  1.0E+00  0.0E+00             180  3.1581719E-01    131                            126        11 1.0E+00
     12     4.2E-03  1.0E+00  0.0E+00             179  3.1580819E-01    104                            126        12 1.0E+00
     13     4.0E-03  1.0E+00  0.0E+00             178  3.1580037E-01     98                            126        13 1.0E+00
     14     3.9E-03  1.0E+00  0.0E+00             177  3.1579265E-01     39                            126        14 1.0E+00
     15    -3.9E-03  1.0E+00  0.0E+00             176  3.1578522E-01    123                            126        15 1.0E+00
     16     3.6E-03  1.0E+00  0.0E+00             175  3.1577878E-01     41                            126        16 1.0E+00
     17    -3.5E-03  1.0E+00  4.3E-19             174  3.1577250E-01    142                            126        17 1.0E+00
     18     3.5E-03  1.0E+00  0.0E+00             173  3.1576633E-01     60                            126        18 1.0E+00
     19     3.4E-03  1.0E+00  0.0E+00             172  3.1576058E-01     68                            126        19 1.0E+00
     20     3.4E-03  1.0E+00  4.3E-19             171  3.1575489E-01    124                            126        20 1.0E+00
     21     3.4E-03  1.0E+00  4.3E-19             170  3.1574927E-01     21                            126        21 1.0E+00
     22     3.3E-03  1.0E+00  0.0E+00             169  3.1574379E-01    164                            126        22 1.0E+00
     23     3.3E-03  1.0E+00  0.0E+00             168  3.1573849E-01     69                            126        23 1.0E+00
     24    -3.1E-03  1.0E+00  0.0E+00             167  3.1573354E-01    182                            126        24 1.0E+00
     25     3.1E-03  1.0E+00  4.3E-19             166  3.1572866E-01    100                            126        25 1.0E+00
     26     3.1E-03  1.0E+00  0.0E+00             165  3.1572378E-01    159                            126        26 1.0E+00
     27    -3.1E-03  1.0E+00  0.0E+00             164  3.1571891E-01     52                            126        27 1.0E+00
     28    -3.1E-03  1.0E+00  0.0E+00             163  3.1571405E-01    184                            126        28 1.0E+00
     29    -3.0E-03  1.0E+00  0.0E+00             162  3.1570948E-01    110                            126        29 1.0E+00
     30     3.0E-03  1.0E+00  0.0E+00             161  3.1570496E-01    149                            126        30 1.0E+00
     31     3.0E-03  1.0E+00  0.0E+00             160  3.1570049E-01    113                            126        31 1.0E+00
     32    -3.0E-03  1.0E+00  0.0E+00             159  3.1569608E-01     58                            126        32 1.0E+00
     33     3.0E-03  1.0E+00  0.0E+00             158  3.1569169E-01     90                            126        33 1.0E+00
     34    -2.8E-03  1.0E+00  0.0E+00             157  3.1568770E-01      5                            126        34 1.0E+00
     35    -2.8E-03  1.0E+00  0.0E+00             156  3.1568387E-01     88                            126        35 1.0E+00
     36     2.8E-03  1.0E+00  0.0E+00             155  3.1568008E-01    163                            126        36 1.0E+00
     37     2.7E-03  1.0E+00  0.0E+00             154  3.1567643E-01    133                            126        37 1.0E+00
     38    -2.7E-03  1.0E+00  0.0E+00             153  3.1567283E-01    108                            126        38 1.0E+00
     39    -2.7E-03  1.0E+00  0.0E+00             152  3.1566929E-01    109                            126        39 1.0E+00

    Itn     QP mult  QP step   rgNorm          NonOpt   QP Objective   +SBS   -SBS    -BS    Pivot     L+U ncp    nS condZHZ
     40    -2.7E-03  1.0E+00  0.0E+00             151  3.1566576E-01     89                            126        40 1.0E+00
     41    -2.6E-03  1.0E+00  0.0E+00             150  3.1566235E-01    153                            126        41 1.0E+00
     42    -2.6E-03  1.0E+00  4.3E-19             149  3.1565901E-01     31                            126        42 1.0E+00
     43    -2.5E-03  1.0E+00  4.3E-19             148  3.1565579E-01     73                            126        43 1.0E+00
     44    -2.5E-03  1.0E+00  0.0E+00             147  3.1565272E-01     62                            126        44 1.0E+00
     45    -2.4E-03  1.0E+00  0.0E+00             146  3.1564984E-01    121                            126        45 1.0E+00
     46    -2.4E-03  1.0E+00  0.0E+00             145  3.1564696E-01     50                            126        46 1.0E+00
     47     2.4E-03  1.0E+00  0.0E+00             144  3.1564417E-01    111                            126        47 1.0E+00
     48     2.4E-03  1.0E+00  0.0E+00             143  3.1564138E-01     63                            126        48 1.0E+00
     49    -2.3E-03  1.0E+00  0.0E+00             142  3.1563864E-01     20                            126        49 1.0E+00
     50    -2.3E-03  1.0E+00  0.0E+00             141  3.1563600E-01     91                            126        50 1.0E+00
     51     2.3E-03  1.0E+00  0.0E+00             140  3.1563339E-01    144                            126        51 1.0E+00
     52     2.3E-03  1.0E+00  0.0E+00             139  3.1563080E-01     12                            126        52 1.0E+00
     53    -2.2E-03  1.0E+00  0.0E+00             138  3.1562836E-01    140                            126        53 1.0E+00
     54     2.2E-03  1.0E+00  0.0E+00             137  3.1562600E-01     14                            126        54 1.0E+00
     55     2.1E-03  1.0E+00  0.0E+00             136  3.1562370E-01     18                            126        55 1.0E+00
     56    -2.1E-03  1.0E+00  0.0E+00             135  3.1562140E-01    120                            126        56 1.0E+00
     57     2.0E-03  1.0E+00  0.0E+00             134  3.1561934E-01     59                            126        57 1.0E+00
     58    -2.0E-03  1.0E+00  0.0E+00             133  3.1561731E-01    134                            126        58 1.0E+00
     59     2.0E-03  1.0E+00  0.0E+00             132  3.1561531E-01     42                            126        59 1.0E+00
     60     2.0E-03  1.0E+00  0.0E+00             131  3.1561336E-01    128                            126        60 1.0E+00
     61    -2.0E-03  1.0E+00  0.0E+00             130  3.1561143E-01    119                            126        61 1.0E+00
     62    -1.8E-03  1.0E+00  0.0E+00             129  3.1560976E-01    181                            126        62 1.0E+00
     63    -1.8E-03  1.0E+00  0.0E+00             128  3.1560811E-01      8                            126        63 1.0E+00
     64    -1.8E-03  1.0E+00  2.2E-19             127  3.1560649E-01     43                            126        64 1.0E+00
     65    -1.8E-03  1.0E+00  2.2E-19             126  3.1560487E-01    151                            126        65 1.0E+00
     66     1.8E-03  1.0E+00  0.0E+00             125  3.1560325E-01    171                            126        66 1.0E+00
     67     1.8E-03  1.0E+00  0.0E+00             124  3.1560165E-01    189                            126        67 1.0E+00
     68    -1.8E-03  1.0E+00  0.0E+00             123  3.1560008E-01    122                            126        68 1.0E+00
     69     1.7E-03  1.0E+00  0.0E+00             122  3.1559855E-01    179                            126        69 1.0E+00
     70    -1.6E-03  1.0E+00  0.0E+00             121  3.1559723E-01     32                            126        70 1.0E+00
     71     1.6E-03  1.0E+00  0.0E+00             120  3.1559594E-01    190                            126        71 1.0E+00
     72    -1.6E-03  1.0E+00  0.0E+00             119  3.1559468E-01    103                            126        72 1.0E+00
     73    -1.5E-03  1.0E+00  0.0E+00             118  3.1559351E-01      3                            126        73 1.0E+00
     74     1.5E-03  1.0E+00  0.0E+00             117  3.1559235E-01     33                            126        74 1.0E+00
     75    -1.5E-03  1.0E+00  2.2E-19             116  3.1559120E-01    138                            126        75 1.0E+00
     76     1.5E-03  1.0E+00  0.0E+00             115  3.1559007E-01    130                            126        76 1.0E+00
     77    -1.5E-03  1.0E+00  0.0E+00             114  3.1558897E-01    170                            126        77 1.0E+00
     78     1.5E-03  1.0E+00  0.0E+00             113  3.1558789E-01    194                            126        78 1.0E+00
     79    -1.5E-03  1.0E+00  0.0E+00             112  3.1558681E-01     22                            126        79 1.0E+00

    Itn     QP mult  QP step   rgNorm          NonOpt   QP Objective   +SBS   -SBS    -BS    Pivot     L+U ncp    nS condZHZ
     80     1.5E-03  1.0E+00  2.2E-19             111  3.1558576E-01    178                            126        80 1.0E+00
     81    -1.3E-03  1.0E+00  0.0E+00             110  3.1558486E-01    162                            126        81 1.0E+00
     82     1.3E-03  1.0E+00  0.0E+00             109  3.1558396E-01    161                            126        82 1.0E+00
     83    -1.3E-03  1.0E+00  0.0E+00             108  3.1558316E-01     94                            126        83 1.0E+00
     84     1.2E-03  1.0E+00  0.0E+00             107  3.1558241E-01    150                            126        84 1.0E+00
     85     1.2E-03  1.0E+00  0.0E+00             106  3.1558166E-01    112                            126        85 1.0E+00
     86     1.2E-03  1.0E+00  0.0E+00             105  3.1558091E-01     71                            126        86 1.0E+00
     87     1.2E-03  1.0E+00  0.0E+00             104  3.1558017E-01     93                            126        87 1.0E+00
     88     1.2E-03  1.0E+00  0.0E+00             103  3.1557947E-01      1                            126        88 1.0E+00
     89     1.2E-03  1.0E+00  0.0E+00             102  3.1557877E-01    174                            126        89 1.0E+00
     90    -1.1E-03  1.0E+00  0.0E+00             101  3.1557812E-01    173                            126        90 1.0E+00
     91    -1.1E-03  1.0E+00  0.0E+00             100  3.1557747E-01      7                            126        91 1.0E+00
     92    -1.1E-03  1.0E+00  0.0E+00              99  3.1557683E-01     84                            126        92 1.0E+00
     93    -1.1E-03  1.0E+00  0.0E+00              98  3.1557627E-01     81                            126        93 1.0E+00
     94    -1.0E-03  1.0E+00  0.0E+00              97  3.1557573E-01     24                            126        94 1.0E+00
     95     1.0E-03  1.0E+00  0.0E+00              96  3.1557521E-01     30                            126        95 1.0E+00
     96     1.0E-03  1.0E+00  0.0E+00              95  3.1557470E-01     48                            126        96 1.0E+00
     97    -1.0E-03  1.0E+00  0.0E+00              94  3.1557419E-01     28                            126        97 1.0E+00
     98     9.8E-04  1.0E+00  0.0E+00              93  3.1557371E-01     70                            126        98 1.0E+00
     99     9.6E-04  1.0E+00  0.0E+00                  3.1557325E-01     13                            126        99 1.0E+00


   Itns Major Minors    Step   nCon Feasible  Optimal  MeritFunction     L+U BSwap     nS condZHZ Penalty
     99     0     99              1 (0.0E+00) 6.9E-03  3.1598488E-01     126           99 1.0E+00         _  r  T

    Itn     QP mult  QP step   rgNorm          NonOpt   QP Objective   +SBS   -SBS    -BS    Pivot     L+U ncp    nS condZHZ
     99                       7.2E-03                  3.0796167E-01                                   126        99 1.0E+00
    100              5.2E-03  6.8E-03                  3.0592485E-01             9         3.5E+00     126        98 1.0E+00
    101              3.5E-02  6.6E-03                  2.9343377E-01            70    246  5.5E-01     140        97 5.0E+00
    102              3.0E-02  6.4E-03                  2.8402909E-01            50    225 -1.1E+00     154        96 5.0E+00
    103              2.7E-02  6.2E-03                  2.7623044E-01           150    288  1.0E+00     168        95 5.0E+00
    104              9.1E-03  6.2E-03                  2.7371531E-01             5        -1.2E+00     168        94 5.0E+00
    105              6.7E-03  6.1E-03                  2.7192803E-01           104    264 -1.1E+00     182        93 5.0E+00
    106              5.5E-03  1.1E-02                  2.7056954E-01           122    280 -4.1E-01     196        92 9.8E+00
    107              3.9E-03  1.1E-02                  2.6968406E-01            30    204  1.0E+00     210        91 9.8E+00
    108              7.3E-03  1.1E-02                  2.6806412E-01           124    271  1.0E+00     224        90 9.8E+00
    109              9.9E-04  1.1E-02                  2.6784981E-01            71    238 -1.6E-01     238        89 3.9E+01
    110              2.3E-03  1.1E-02                  2.6738476E-01           164    299  1.0E+00     252        88 3.9E+01
    111              9.5E-03  1.1E-02                  2.6555780E-01           133    277  1.0E+00     267        87 3.9E+01
    112              1.8E-02  1.0E-02                  2.6239774E-01            84    251 -1.5E-01     282        86 4.4E+01
    113              8.3E-05  1.0E-02                  2.6238369E-01           120    267  1.0E+00     296        85 4.4E+01
    114              5.4E-04  1.0E-02                  2.6229393E-01           103    270  1.6E-01     311        84 4.4E+01
    115              9.2E-03  1.0E-02                  2.6077329E-01           138    279  1.0E+00     326        83 4.4E+01
    116              6.8E-03  1.0E-02                  2.5968664E-01            48    230  1.9E-01     340        82 4.4E+01
    117              1.2E-02  1.2E-02                  2.5781420E-01            93    258  3.7E-01     359        81 1.7E+02
    118              1.5E-03  1.2E-02                  2.5759880E-01           144    292 -1.1E+00     373        80 1.7E+02
    119              1.2E-02  1.2E-02                  2.5582714E-01           153    298 -1.2E+00     388        79 1.7E+02
    120              4.5E-03  1.2E-02                  2.5521499E-01            81    248  4.2E-01     404        78 1.7E+02
    121              1.1E-02  4.5E-03                  2.5375052E-01           130    274              406        77 7.1E+00
    122              3.7E-04  4.5E-03                  2.5370531E-01            63    235 -1.1E+00     420        76 7.1E+00
    123              9.8E-03  4.4E-03                  2.5255643E-01           184    320 -1.1E+00     427        75 7.1E+00
    124              1.5E-02  7.6E-03                  2.5088331E-01            22    203  4.1E-01     441        74 7.1E+00
    125              4.1E-03  7.6E-03                  2.5045174E-01            18    195  1.0E+00     455        73 7.1E+00
    126              1.4E-03  1.2E-02                  2.5031075E-01            59    245  2.3E-01     469        72 2.0E+01
    127              4.1E-03  1.2E-02                  2.4989763E-01           104    278 -1.1E+00     486        71 2.0E+01
    128              3.3E-03  7.9E-02                  2.4957124E-01            89    259  2.0E-01     508        70 5.1E+02
    129              1.1E-02  7.8E-02                  2.4854580E-01            21    198  1.0E+00     522        69 5.1E+02
    130              1.5E-04  7.8E-02                  2.4853242E-01            70    253  6.2E-01     541        68 5.1E+02
    131              1.4E-02  7.7E-02                  2.4735322E-01            41    217 -1.6E-01     558        67 5.1E+02
    132              1.4E-03  6.7E-01                  2.4723880E-01            99    261  1.2E-01     577        66 5.4E+04
    133              2.6E-04  6.7E-01                  2.4721848E-01            19    199  2.9E+00     592        65 5.4E+04
    134              6.5E-05  6.7E-01                  2.4721366E-01           151    301  1.4E-01     607        64 5.4E+04
    135              1.5E-02  6.8E-01                  2.4616532E-01            91    255  4.0E-01     629        63 5.9E+04
    136              3.3E-03  6.8E-01                  2.4593653E-01           170    309 -1.1E+00     643        62 5.9E+04
    137              2.0E-02  6.7E-01                  2.4455848E-01            39    220 -3.0E+00     661        61 5.9E+04
    138              9.3E-03  6.6E-01                  2.4398245E-01            93    263  1.4E-01     683        60 5.9E+04

    Itn     QP mult  QP step   rgNorm          NonOpt   QP Objective   +SBS   -SBS    -BS    Pivot     L+U ncp    nS condZHZ
    139              1.4E-02  6.5E-01                  2.4315554E-01           174    313 -1.0E+00     697        59 5.9E+04
    140              7.1E-03  6.5E-01                  2.4274638E-01            31    205  1.0E+00     711        58 5.9E+04
    141              7.3E-03  6.4E-01                  2.4234129E-01            24    201  1.0E+00     727        57 5.9E+04
    142              6.4E-03  6.4E-01                  2.4199732E-01            43    214  1.0E+00     741        56 5.9E+04
    143              5.7E-03  6.4E-01                  2.4170322E-01           142    290 -1.1E+00     756        55 5.9E+04
    144              3.3E-04  6.3E-01                  2.4168737E-01            42    212  2.6E+00     770        54 5.9E+04
    145              2.8E-03  6.3E-01                  2.4155614E-01           103    256 -8.1E+00     791        53 5.9E+04
    146              2.1E-04  6.3E-01                  2.4154675E-01           153    305 -1.2E+00     806        52 5.9E+04
    147              2.9E-02  5.5E-03                  2.4025547E-01           102    269              749        51 7.1E+00
    148              8.3E-03  5.5E-03                  2.3992981E-01            42    234  1.6E-01     769        50 7.1E+01
    149              8.6E-03  5.4E-03                  2.3962553E-01            70    260  3.8E-01     788        49 7.1E+01
    150              1.2E-02  5.4E-03                  2.3924403E-01            28    202  1.0E+00     803        48 7.1E+01
    151              9.1E-03  5.3E-03                  2.3896077E-01           149    287  1.0E+00     817        47 7.1E+01
    152              1.4E-02  5.2E-03                  2.3857398E-01           162    311  1.5E-01     834        46 7.1E+01
    153              2.5E-04  1.9E-02                  2.3856761E-01            32    213 -1.1E+00     854        45 9.3E+01
    154              8.9E-03  1.8E-02                  2.3835031E-01            94    257 -1.1E+00     871        44 9.3E+01
    155              6.5E-03  1.8E-02                  2.3819620E-01           112    275  3.5E-01     889        43 9.3E+01
    156              1.8E-02  1.8E-02                  2.3780323E-01           190    316  1.0E+00     889        42 9.3E+01
    157              8.5E-03  1.8E-02                  2.3762964E-01           151    289  1.0E+00     904        41 9.3E+01
    158              7.4E-04  1.2E-02                  2.3761494E-01            62    231 -2.1E+00     928        40 5.2E+01
    159              2.8E-02  1.2E-02                  2.3712473E-01            91    262  3.5E-01     952        39 9.9E+01
    160              2.6E-02  1.2E-02                  2.3676340E-01             3        -4.3E-01     952        38 9.9E+01
    161              1.3E-02  2.7E-02                  2.3659327E-01            59    252  5.0E-01     991        37 3.9E+02
    162              1.8E-02  2.7E-02                  2.3638356E-01           153    314  4.4E-01    1011        36 3.9E+02
    163              2.9E-02  2.6E-02                  2.3607107E-01           171    308  6.9E-01    1034        35 3.9E+02
    164              9.9E-02  2.3E-02                  2.3511348E-01           182    310  3.6E-01    1052        34 3.9E+02
    165              1.6E-02  2.3E-02                  2.3498831E-01            33    223  4.3E-01    1080        33 3.9E+02
    166              2.5E-02  2.2E-02                  2.3480635E-01           181    318  2.8E+00    1101        32 3.9E+02
    167              1.9E-02  2.2E-02                  2.3468872E-01           104    285 -9.9E-01    1142        31 3.9E+02
    168              1.8E-01  1.8E-02                  2.3367934E-01           121    247 -1.2E+00    1168        30 1.7E+02
    169              3.9E-02  1.8E-02                  2.3353615E-01           189         3.2E-01    1168        29 1.7E+02
    170              1.6E-01  1.5E-02                  2.3305505E-01            13    200 -1.1E+00    1181        28 1.7E+02
    171              1.0E-01  1.3E-02                  2.3284077E-01           131    268  6.4E+00    1230        27 1.7E+02
    172              3.3E-01  8.9E-03                  2.3236831E-01            60    232 -6.2E-01    1272        26 1.7E+02
    173              1.6E-01  7.5E-03                  2.3226328E-01            99    266 -1.0E+00    1313        25 1.6E+02
    174              8.7E-02  6.8E-03                  2.3222224E-01           161    296  1.0E+00    1333        24 1.6E+02
    175              8.0E-01  1.1E-03                  2.3202869E-01           119    273 -8.3E-01    1381        23 1.8E+02
    176              4.6E-01  8.8E-05                  2.3202652E-01            69    206 -7.2E+00    1409        22 4.5E+01
    177              1.0E+00  6.8E-15              97  2.3202578E-01                                  1409        22 4.5E+01
    178     6.1E-03  1.0E+00  3.7E-15              99  2.3106839E-01    139                           1409        23 4.5E+01

    Itn     QP mult  QP step   rgNorm          NonOpt   QP Objective   +SBS   -SBS    -BS    Pivot     L+U ncp    nS condZHZ
    179     5.5E-03  1.9E-01  4.5E-03              99  2.3064513E-01     92     71    241  4.1E-01    1454        23 4.5E+01
    180              1.0E+00  3.0E-14              98  2.3006874E-01                                  1454        23 4.5E+01
    181     4.0E-03  4.8E-01  2.1E-03              98  2.2901907E-01    255     82    233 -2.4E+00    1494        23 4.5E+01
    182              4.3E-01  1.2E-03              98  2.2878234E-01            92    240             1204        22 4.5E+01
    183              4.5E-01  3.1E-05              98  2.2872860E-01           255    276  1.1E+00    1214        21 4.5E+01
    184              1.0E+00  3.3E-16              96  2.2872856E-01                                  1214        21 4.5E+01
    185     3.8E-03  6.4E-01  1.1E-03              96  2.2816834E-01     72     72    227  9.7E-01    1250        21 4.5E+01
    186              1.0E+00  8.0E-15              95  2.2813766E-01                                  1250        21 4.5E+01
    187     3.7E-03  3.7E-01  2.9E-04              95  2.2698481E-01     49     49    210  8.3E-01    1291        21 4.5E+01
    188              1.0E+00  2.1E-15              94  2.2698273E-01                                  1291        21 4.5E+01
    189    -3.2E-03  3.6E-01  6.3E-03              94  2.2641495E-01    152    152    303 -1.3E-01    1313        21 6.5E+01
    190              1.9E-01  1.1E-05              94  2.2636339E-01           139    283  3.0E-01    1372        20 9.5E+02
    191              1.0E+00  1.3E-16              95  2.2636338E-01                                  1372        20 9.5E+02
    192    -3.0E-03  1.0E+00  8.8E-16              94  2.2636125E-01    172                           1372        21 9.7E+02
    193    -3.0E-03  1.0E+00  2.0E-15              94  2.2606138E-01    132                           1372        22 9.7E+02
    194     2.8E-03  2.6E-01  4.4E-03              94  2.2570988E-01    169    169    304  5.8E+00    1418        22 4.7E+03
    195              1.0E+00  3.0E-14              94  2.2533853E-01                                  1418        22 4.7E+03
    196    -2.2E-03  9.7E-01  5.8E-05              94  2.2504657E-01    192    172    315 -7.4E-01    1484        22 4.5E+04
    197              1.0E+00  1.3E-14              92  2.2504637E-01                                  1484        22 4.5E+04
    198    -1.3E-03  1.0E+00  7.5E-14              91  2.2486271E-01    180                           1484        23 4.5E+04
    199    -1.3E-03  9.0E-01  3.1E-13              91  2.2451710E-01      6      6        -5.5E-01    1484        23 4.5E+04
    200              1.0E+00  4.3E-18              90  2.2451710E-01                                  1484        23 4.5E+04
    201     1.2E-03  1.0E+00  2.2E-13              89  2.2438126E-01    253                           1484        24 4.5E+04
    202    -1.1E-03  3.3E-01  4.4E-04              89  2.2434325E-01     29     29    196  8.3E-01    1531        24 4.5E+04
    203              1.0E+00  4.7E-15              89  2.2433942E-01                                  1531        24 4.5E+04
    204     1.0E-03  1.0E+00  3.9E-14              87  2.2412828E-01     11                           1531        25 4.5E+04
    205    -9.5E-04  8.5E-01  5.5E-05              87  2.2395199E-01    141    141    282  1.0E+00    1572        25 4.5E+04
    206              1.0E+00  7.8E-17              87  2.2395190E-01                                  1572        25 4.5E+04
    207     1.0E-03  1.0E+00  1.5E-15              86  2.2383796E-01    276                           1572        26 4.5E+04
    208    -9.3E-04  8.0E-01  6.5E-15              85  2.2366222E-01     10     10        -3.9E-01    1572        26 4.5E+04
    209     9.2E-04  1.0E+00  1.9E-12              85  2.2346020E-01    191                           1572        27 4.6E+04
    210              1.0E+00  1.7E-16              84  2.2346020E-01                                  1572        27 4.6E+04
    211    -9.1E-04  5.5E-01  1.6E-04              84  2.2335686E-01     61     61    226  1.0E+00    1618        27 4.6E+04
    212              1.0E+00  1.4E-15              84  2.2335639E-01                                  1618        27 4.6E+04
    213    -9.1E-04  2.4E-01  5.7E-04              84  2.2327381E-01     38     38    216 -1.2E+00    1672        27 4.6E+04
    214              1.0E+00  1.3E-13              84  2.2324978E-01                                  1672        27 4.6E+04
    215     8.9E-04  1.0E+00  8.9E-15              83  2.2307475E-01      4                           1672        28 4.6E+04
    216     8.4E-04  1.2E-01  1.5E-03              83  2.2304038E-01    101    101    254  1.0E+00    1707        28 4.6E+04
    217              1.0E+00  2.7E-15              81  2.2303864E-01                                  1707        28 4.6E+04
    218     8.3E-04  1.0E+00  2.8E-13              80  2.2287289E-01     54                           1707        29 4.6E+04

    Itn     QP mult  QP step   rgNorm          NonOpt   QP Objective   +SBS   -SBS    -BS    Pivot     L+U ncp    nS condZHZ
    219    -8.2E-04  1.0E+00  2.7E-15              80  2.2281599E-01    252                           1707        30 4.6E+04
    220    -7.9E-04  1.0E+00  2.1E-14              79  2.2270140E-01    160                           1707        31 4.6E+04
    221    -7.8E-04  1.0E+00  7.2E-15              78  2.2257597E-01      2                           1707        32 4.6E+04
    222     7.3E-04  1.0E+00  3.5E-16              78  2.2239852E-01    245                           1707        33 6.4E+04
    223    -7.0E-04  1.0E+00  7.4E-15              76  2.2230899E-01    233                           1707        34 6.4E+04
    224    -6.1E-04  1.0E+00  7.5E-15              75  2.2221962E-01     34                           1707        35 6.4E+04
    225    -4.9E-04  1.0E+00  6.0E-14              74  2.2216546E-01     53                           1707        36 6.4E+04
    226    -4.3E-04  7.9E-01  9.0E-05              74  2.2211774E-01    217      4         2.9E-02    1707        36 6.3E+04
    227              1.0E+00  6.7E-15              73  2.2211563E-01                                  1707        36 6.3E+04
    228     4.1E-04  3.9E-02  3.6E-04              73  2.2211258E-01     74     74    243 -1.1E+00    1752        36 6.3E+04
    229              1.0E+00  8.5E-14              72  2.2209584E-01                                  1752        36 6.3E+04
    230     3.9E-04  1.0E+00  3.8E-14              71  2.2207613E-01    267                           1752        37 6.3E+04
    231    -3.6E-04  1.0E+00  1.4E-15              70  2.2204792E-01    240                           1752        38 6.3E+04
    232    -3.4E-04  1.0E+00  9.5E-15              69  2.2202659E-01     40                           1752        39 6.3E+04
    233    -3.3E-04  6.5E-01  1.5E-04              69  2.2200379E-01     78     78    237  1.0E+00    1791        39 6.3E+04
    234              1.0E+00  3.0E-15              69  2.2200288E-01                                  1791        39 6.3E+04
    235     3.1E-04  1.0E+00  2.8E-14              68  2.2198110E-01    183                           1791        40 6.3E+04
    236    -3.1E-04  9.4E-01  1.7E-05              68  2.2195989E-01     83     83    249 -1.1E+00    1831        40 6.3E+04
    237              1.0E+00  8.2E-16              67  2.2195987E-01                                  1831        40 6.3E+04
    238    -2.8E-04  1.0E+00  2.4E-14              66  2.2194376E-01    223                           1831        41 6.3E+04
    239    -2.5E-04  1.0E+00  1.0E-14              65  2.2192902E-01    193                           1831        42 6.3E+04
    240     2.1E-04  1.0E+00  8.6E-16              64  2.2191889E-01    158                           1831        43 6.3E+04
    241     1.7E-04  1.0E+00  1.3E-15              63  2.2191372E-01     51                           1831        44 6.3E+04
    242     1.7E-04  1.0E+00  3.2E-14              62  2.2190672E-01     44                           1831        45 6.3E+04
    243     1.6E-04  1.0E+00  4.7E-15              60  2.2190040E-01    304                           1831        46 6.3E+04
    244    -1.6E-04  1.0E+00  2.5E-14              59  2.2189678E-01    188                           1831        47 6.3E+04
    245     1.5E-04  1.0E+00  6.3E-15              58  2.2189140E-01     64                           1831        48 6.3E+04
    246     1.4E-04  1.0E+00  3.3E-15              59  2.2188870E-01    308                           1831        49 6.3E+04
    247    -1.1E-04  1.0E+00  8.0E-16              58  2.2188575E-01    148                           1831        50 6.3E+04
    248    -7.8E-05  1.0E+00  2.4E-15              57  2.2188429E-01    168                           1831        51 6.3E+04
    249     7.0E-05  1.0E+00  4.8E-16              56  2.2188311E-01    118                           1831        52 6.3E+04
    250    -5.9E-05  1.0E+00  5.6E-16              55  2.2188227E-01    125                           1831        53 6.3E+04
    251    -5.7E-05  1.0E+00  1.9E-15              54  2.2188147E-01    175                           1831        54 6.3E+04
    252    -5.7E-05  1.0E+00  5.5E-15              53  2.2188032E-01    315                           1831        55 6.7E+04
    253     5.7E-05  1.0E+00  2.4E-15              52  2.2187954E-01     55                           1831        56 6.7E+04
    254     4.7E-05  1.0E+00  5.5E-15              51  2.2187925E-01     23                           1831        57 6.7E+04
    255     4.7E-05  1.0E+00  4.8E-16              50  2.2187871E-01    137                           1831        58 6.7E+04
    256    -4.6E-05  1.0E+00  1.7E-15              49  2.2187820E-01     35                           1831        59 6.7E+04
    257    -4.0E-05  1.0E+00  1.1E-15              48  2.2187782E-01    115                           1831        60 6.7E+04
    258    -3.8E-05  1.0E+00  3.3E-16              47  2.2187747E-01    165                           1831        61 6.7E+04

    Itn     QP mult  QP step   rgNorm          NonOpt   QP Objective   +SBS   -SBS    -BS    Pivot     L+U ncp    nS condZHZ
    259    -3.7E-05  1.0E+00  2.4E-15              46  2.2187714E-01    157                           1831        62 6.7E+04
    260    -3.1E-05  1.0E+00  2.1E-14              45  2.2187691E-01     17                           1831        63 6.7E+04
    261     2.9E-05  1.0E+00  1.1E-14              44  2.2187670E-01     27                           1831        64 6.7E+04
    262     2.9E-05  1.0E+00  4.9E-15              43  2.2187650E-01     65                           1831        65 6.7E+04
    263    -2.8E-05  1.0E+00  3.3E-15              42  2.2187632E-01     77                           1831        66 6.7E+04
    264     2.7E-05  1.0E+00  6.5E-16              41  2.2187613E-01     87                           1831        67 6.7E+04
    265     2.6E-05  1.0E+00  7.6E-15              40  2.2187597E-01     36                           1831        68 6.7E+04
    266     2.5E-05  1.0E+00  3.3E-15              39  2.2187582E-01    146                           1831        69 6.7E+04
    267     2.5E-05  1.0E+00  1.1E-14              38  2.2187567E-01     75                           1831        70 6.7E+04
    268     2.3E-05  1.0E+00  4.8E-16              37  2.2187554E-01     66                           1831        71 6.7E+04
    269     1.9E-05  1.0E+00  1.7E-15              36  2.2187546E-01    156                           1831        72 6.7E+04
    270     1.9E-05  1.0E+00  4.5E-16              35  2.2187537E-01    145                           1831        73 6.7E+04
    271     1.8E-05  1.0E+00  3.9E-15              34  2.2187529E-01    185                           1831        74 6.7E+04
    272    -1.7E-05  1.0E+00  1.5E-16              33  2.2187522E-01    143                           1831        75 6.7E+04
    273    -1.6E-05  1.0E+00  6.0E-16              32  2.2187516E-01     25                           1831        76 6.7E+04
    274    -1.5E-05  1.0E+00  4.3E-16              31  2.2187510E-01    105                           1831        77 6.7E+04
    275     1.5E-05  1.0E+00  1.3E-15              30  2.2187505E-01    126                           1831        78 6.7E+04
    276     1.4E-05  1.0E+00  6.3E-15              29  2.2187500E-01     26                           1831        79 6.7E+04
    277     1.4E-05  1.0E+00  6.8E-16              28  2.2187495E-01    107                           1831        80 6.7E+04
    278    -1.3E-05  1.0E+00  2.1E-16              27  2.2187491E-01    177                           1831        81 6.7E+04
    279    -1.3E-05  1.0E+00  1.9E-16              26  2.2187487E-01    187                           1831        82 6.7E+04
    280    -1.3E-05  1.0E+00  1.9E-13              25  2.2187483E-01     57                           1831        83 6.7E+04
    281     1.3E-05  1.0E+00  9.9E-14              24  2.2187479E-01    176                           1831        84 6.7E+04
    282    -1.2E-05  1.0E+00  4.5E-14              23  2.2187475E-01     16                           1831        85 6.7E+04
    283     1.0E-05  1.0E+00  2.0E-15              22  2.2187473E-01    155                           1831        86 6.7E+04
    284    -9.6E-06  1.0E+00  1.3E-16              21  2.2187471E-01    106                           1831        87 6.7E+04
    285     9.0E-06  1.0E+00  4.6E-17              20  2.2187469E-01     96                           1831        88 6.7E+04
    286     8.3E-06  1.0E+00  2.7E-15              19  2.2187467E-01     56                           1831        89 6.7E+04
    287     8.3E-06  1.0E+00  3.1E-16              18  2.2187465E-01     45                           1831        90 6.7E+04
    288    -7.9E-06  1.0E+00  1.4E-15              17  2.2187464E-01     86                           1831        91 6.7E+04
    289     7.9E-06  1.0E+00  1.3E-16              16  2.2187462E-01    186                           1831        92 6.7E+04
    290    -6.7E-06  1.0E+00  9.1E-17              15  2.2187461E-01    117                           1831        93 6.7E+04
    291     6.1E-06  1.0E+00  1.1E-16              14  2.2187460E-01     85                           1831        94 6.7E+04
    292    -5.3E-06  1.0E+00  2.0E-16              13  2.2187460E-01     15                           1831        95 6.7E+04
    293     5.3E-06  1.0E+00  1.0E-16              12  2.2187459E-01    136                           1831        96 6.7E+04
    294    -5.2E-06  1.0E+00  2.3E-14              11  2.2187458E-01     46                           1831        97 6.7E+04
    295     5.1E-06  1.0E+00  1.2E-14              10  2.2187458E-01    135                           1831        98 6.7E+04
    296     4.3E-06  1.0E+00  5.3E-15               9  2.2187457E-01     97                           1831        99 6.7E+04
    297    -4.3E-06  1.0E+00  4.2E-16               8  2.2187457E-01     37                           1831       100 6.7E+04
    298     3.8E-06  1.0E+00  2.9E-16               7  2.2187457E-01    147                           1831       101 6.7E+04

    Itn     QP mult  QP step   rgNorm          NonOpt   QP Objective   +SBS   -SBS    -BS    Pivot     L+U ncp    nS condZHZ
    299    -3.0E-06  1.0E+00  1.0E-16               6  2.2187456E-01    167                           1831       102 6.7E+04
    300    -2.4E-06  1.0E+00  8.1E-17               5  2.2187456E-01     95                           1831       103 6.7E+04
    301     2.3E-06  1.0E+00  2.9E-16               4  2.2187456E-01     67                           1831       104 6.7E+04
    302    -2.2E-06  1.0E+00  2.0E-16               3  2.2187456E-01    166                           1831       105 6.7E+04
    303    -2.0E-06  1.0E+00  1.3E-15               2  2.2187456E-01     47                           1831       106 6.7E+04
    304     1.2E-06  1.0E+00  8.1E-16               1  2.2187456E-01    116                           1831       107 6.7E+04
    305     1.1E-06  1.0E+00  4.8E-17                  2.2187456E-01    296                           1831       108 6.7E+04

   Itns Major Minors    Step   nCon Feasible  Optimal  MeritFunction     L+U BSwap     nS condZHZ Penalty
    305     1    206 9.8E-06      8 (0.0E+00) 3.3E-03  3.0878404E-01    1831          108 6.7E+04         _  r
1

 SNOPTB EXIT   0 -- finished successfully
 SNOPTB INFO   3 -- requested accuracy could not be achieved

 Problem name                 prob
 No. of iterations                 305   Objective            3.0878404335E-01
 No. of major iterations             1   Linear    obj. term  0.0000000000E+00
 Penalty parameter           0.000E+00   Nonlinear obj. term  3.0878404335E-01
 No. of calls to funobj             14   No. of calls to funcon             14
 No. of superbasics                108   No. of basic nonlinears            90
 No. of degenerate steps             0   Percentage                       0.00
 Max x                       4 9.5E-01   Max pi                     52 4.8E-03
 Max Primal infeas           0 0.0E+00   Max Dual infeas             9 5.2E-03
 Nonlinear constraint violn    0.0E+00
1

 Name           prob                     Objective Value      3.0878404335E-01

 Status         Optimal Soln             Iteration    305    Superbasics   108

 Objective               (Min)
 RHS
 Ranges
 Bounds

 Section 1 - Constraints

  Number  ...Row.. State  ...Value......  Slack Value...  ..Lower Limit.  ..Upper Limit.  .Dual Variable    ..i

     195  r      1 A  FR        -0.00091         0.49909        -0.50000         0.50000        -0.00090      1
     196  r      2 N  FR         0.00726        -0.49274        -0.50000         0.50000         0.00131      2
     197  r      3    BS         0.29465        -0.20535        -0.50000         0.50000          .           3
     198  r      4 N  FR         0.00016        -0.49984        -0.50000         0.50000        -0.00284      4
     199  r      5 N  FR         0.00030        -0.49970        -0.50000         0.50000         0.00181      5
     200  r      6 A  FR         0.00018        -0.49982        -0.50000         0.50000         0.00054      6
     201  r      7 A  FR         0.00141        -0.49859        -0.50000         0.50000         0.00098      7
     202  r      8 A  FR         0.00211        -0.49789        -0.50000         0.50000         0.00065      8
     203  r      9 N  FR        -0.00051         0.49949        -0.50000         0.50000        -0.00283      9
     204  r     10 N  FR         0.29155        -0.20845        -0.50000         0.50000        -0.00128     10
     205  r     11 N  FR         0.00362        -0.49638        -0.50000         0.50000         0.00137     11
     206  r     12 N  FR        -0.00107         0.49893        -0.50000         0.50000         0.00103     12
     207  r     13    BS        -0.00038         0.49962        -0.50000         0.50000          .          13
     208  r     14    BS        -0.00009         0.49991        -0.50000         0.50000          .          14
     209  r     15    BS         0.00037        -0.49963        -0.50000         0.50000          .          15
     210  r     16 N  FR        -0.00105         0.49895        -0.50000         0.50000        -0.00257     16
     211  r     17    BS         0.29266        -0.20734        -0.50000         0.50000          .          17
     212  r     18 N  FR        -0.00028         0.49972        -0.50000         0.50000        -0.00262     18
     213  r     19 A  FR        -0.00256         0.49744        -0.50000         0.50000        -0.00079     19
     214  r     20 A  FR         0.00141        -0.49859        -0.50000         0.50000         0.00091     20
     215  r     21    BS        -0.00083         0.49917        -0.50000         0.50000          .          21
     216  r     22 A  FR        -0.00127         0.49873        -0.50000         0.50000        -0.00048     22
     217  r     23   SBS         0.00346        -0.49654        -0.50000         0.50000         0.00000     23
     218  r     24    BS         0.29263        -0.20737        -0.50000         0.50000          .          24
     219  r     25    BS         0.00355        -0.49645        -0.50000         0.50000          .          25
     220  r     26 N  FR         0.00035        -0.49965        -0.50000         0.50000         0.00137     26
     221  r     27    BS        -0.00106         0.49894        -0.50000         0.50000          .          27
     222  r     28    BS        -0.00045         0.49955        -0.50000         0.50000          .          28
     223  r     29   SBS         0.00110        -0.49890        -0.50000         0.50000        -0.00000     29
     224  r     30    BS         0.00357        -0.49643        -0.50000         0.50000          .          30
     225  r     31 N  FR         0.28859        -0.21141        -0.50000         0.50000        -0.00198     31
     226  r     32 A  FR         0.00302        -0.49698        -0.50000         0.50000         0.00047     32
     227  r     33 A  FR        -0.00304         0.49696        -0.50000         0.50000        -0.00058     33
     228  r     34    BS        -0.00064         0.49936        -0.50000         0.50000          .          34
     229  r     35    BS         0.00012        -0.49988        -0.50000         0.50000          .          35
     230  r     36 N  FR        -0.00276         0.49724        -0.50000         0.50000        -0.00222     36
     231  r     37 N  FR         0.00425        -0.49575        -0.50000         0.50000         0.00112     37
     232  r     38 A  FR         0.29332        -0.20668        -0.50000         0.50000         0.00070     38
     233  r     39   SBS         0.00235        -0.49765        -0.50000         0.50000        -0.00000     39
     234  r     40 N  FR        -0.00516         0.49484        -0.50000         0.50000        -0.00349     40
     235  r     41 N  FR         0.00224        -0.49776        -0.50000         0.50000         0.00226     41
     236  r     42    BS         0.00057        -0.49943        -0.50000         0.50000          .          42
     237  r     43 A  FR         0.00123        -0.49877        -0.50000         0.50000         0.00018     43
     238  r     44 N  FR         0.00654        -0.49346        -0.50000         0.50000         0.00363     44
     239  r     45    BS         0.29315        -0.20685        -0.50000         0.50000          .          45
     240  r     46   SBS         0.00319        -0.49681        -0.50000         0.50000        -0.00000     46
     241  r     47 N  FR        -0.00440         0.49560        -0.50000         0.50000        -0.00261     47
     242  r     48    BS        -0.00112         0.49888        -0.50000         0.50000          .          48
     243  r     49 A  FR         0.00104        -0.49896        -0.50000         0.50000         0.00021     49
     244  r     50    BS         0.00143        -0.49857        -0.50000         0.50000          .          50
     245  r     51   SBS        -0.00158         0.49842        -0.50000         0.50000        -0.00000     51
     246  r     52 N  FR         0.28592        -0.21408        -0.50000         0.50000        -0.00479     52
     247  r     53 A  FR         0.00138        -0.49862        -0.50000         0.50000         0.00064     53
     248  r     54 A  FR         0.00161        -0.49839        -0.50000         0.50000         0.00012     54
     249  r     55 A  FR        -0.00084         0.49916        -0.50000         0.50000        -0.00002     55
     250  r     56    BS        -0.00040         0.49960        -0.50000         0.50000          .          56
     251  r     57 N  FR        -0.00222         0.49778        -0.50000         0.50000        -0.00145     57
     252  r     58   SBS        -0.00102         0.49898        -0.50000         0.50000        -0.00000     58
     253  r     59   SBS         0.29203        -0.20797        -0.50000         0.50000        -0.00000     59
     254  r     60 A  FR        -0.00125         0.49875        -0.50000         0.50000        -0.00061     60
     255  r     61    BS         0.00078        -0.49922        -0.50000         0.50000        -0.00000     61
     256  r     62 N  FR         0.00062        -0.49938        -0.50000         0.50000         0.00129     62
     257  r     63 A  FR        -0.00184         0.49816        -0.50000         0.50000        -0.00089     63
     258  r     64 N  FR         0.00262        -0.49738        -0.50000         0.50000         0.00195     64
     259  r     65 N  FR        -0.00612         0.49388        -0.50000         0.50000        -0.00204     65
     260  r     66 N  FR         0.29398        -0.20602        -0.50000         0.50000         0.00251     66
     261  r     67 N  FR        -0.00180         0.49820        -0.50000         0.50000        -0.00310     67
     262  r     68 N  FR         0.00598        -0.49402        -0.50000         0.50000         0.00214     68
     263  r     69 A  FR        -0.00146         0.49854        -0.50000         0.50000        -0.00036     69
     264  r     70 N  FR         0.00354        -0.49646        -0.50000         0.50000         0.00265     70
     265  r     71    BS        -0.00022         0.49978        -0.50000         0.50000          .          71
     266  r     72 N  FR        -0.00573         0.49427        -0.50000         0.50000        -0.00266     72
     267  r     73   SBS         0.28984        -0.21016        -0.50000         0.50000        -0.00000     73
     268  r     74 A  FR         0.00132        -0.49868        -0.50000         0.50000         0.00027     74
     269  r     75 N  FR         0.00639        -0.49361        -0.50000         0.50000         0.00352     75
     270  r     76 N  FR         0.00243        -0.49757        -0.50000         0.50000         0.00138     76
     271  r     77 N  FR        -0.00292         0.49708        -0.50000         0.50000        -0.00157     77
     272  r     78    BS        -0.00209         0.49791        -0.50000         0.50000          .          78
     273  r     79 N  FR        -0.00738         0.49262        -0.50000         0.50000        -0.00346     79
     274  r     80 A  FR         0.28901        -0.21099        -0.50000         0.50000        -0.00094     80
     275  r     81 N  FR        -0.00190         0.49810        -0.50000         0.50000        -0.00275     81
     276  r     82   SBS         0.00422        -0.49578        -0.50000         0.50000        -0.00000     82
     277  r     83 N  FR        -0.00295         0.49705        -0.50000         0.50000        -0.00150     83
     278  r     84 A  FR         0.00184        -0.49816        -0.50000         0.50000         0.00089     84
     279  r     85 N  FR         0.00274        -0.49726        -0.50000         0.50000         0.00134     85
     280  r     86 N  FR         0.00114        -0.49886        -0.50000         0.50000         0.00136     86
     281  r     87    BS         0.29165        -0.20835        -0.50000         0.50000          .          87
     282  r     88 A  FR         0.00316        -0.49684        -0.50000         0.50000         0.00038     88
     283  r     89 A  FR         0.00351        -0.49649        -0.50000         0.50000         0.00046     89
     284  r     90    BS         0.00131        -0.49869        -0.50000         0.50000          .          90
     285  r     91 A  FR        -0.00115         0.49885        -0.50000         0.50000        -0.00044     91
     286  r     92    BS        -0.00116         0.49884        -0.50000         0.50000          .          92
     287  r     93 A  FR        -0.00336         0.49664        -0.50000         0.50000        -0.00068     93
     288  r     94 N  FR         0.28755        -0.21245        -0.50000         0.50000        -0.00142     94
     289  r     95 N  FR         0.00164        -0.49836        -0.50000         0.50000         0.00131     95
     290  r     96 A  FR         0.00071        -0.49929        -0.50000         0.50000        -0.00057     96
     291  r     97    BS         0.00075        -0.49925        -0.50000         0.50000          .          97
     292  r     98 N  FR         0.00208        -0.49792        -0.50000         0.50000         0.00103     98
     293  r     99    BS        -0.00065         0.49935        -0.50000         0.50000          .          99
     294  r    100    BS        -0.00148         0.49852        -0.50000         0.50000          .         100
     295  r    101    BS         0.28970        -0.21030        -0.50000         0.50000          .         101
     296  r    102   SBS        -0.00112         0.49888        -0.50000         0.50000        -0.00000    102
     297  r    103    BS         0.00211        -0.49789        -0.50000         0.50000          .         103
     298  r    104 N  FR        -0.00234         0.49766        -0.50000         0.50000        -0.00181    104
     299  r    105 N  FR        -0.00362         0.49638        -0.50000         0.50000        -0.00279    105
     300  r    106    BS         0.00013        -0.49987        -0.50000         0.50000          .         106
     301  r    107 N  FR         0.00164        -0.49836        -0.50000         0.50000         0.00102    107
     302  r    108    BS         0.28884        -0.21116        -0.50000         0.50000          .         108
     303  r    109 A  FR         0.00024        -0.49976        -0.50000         0.50000        -0.00029    109
     304  r    110   SBS         0.00113        -0.49887        -0.50000         0.50000        -0.00000    110
     305  r    111 A  FR         0.00145        -0.49855        -0.50000         0.50000         0.00038    111
     306  r    112    BS         0.00086        -0.49914        -0.50000         0.50000          .         112
     307  r    113    BS        -0.00094         0.49906        -0.50000         0.50000          .         113
     308  r    114   SBS        -0.00047         0.49953        -0.50000         0.50000        -0.00000    114
     309  r    115 A  FR         0.28722        -0.21278        -0.50000         0.50000        -0.00091    115
     310  r    116 N  FR         0.00196        -0.49804        -0.50000         0.50000         0.00135    116
     311  r    117 A  FR         0.00191        -0.49809        -0.50000         0.50000         0.00054    117
     312  r    118    BS        -0.00049         0.49951        -0.50000         0.50000          .         118
     313  r    119 A  FR         0.00206        -0.49794        -0.50000         0.50000         0.00068    119
     314  r    120 A  FR         0.00164        -0.49836        -0.50000         0.50000         0.00080    120
     315  r    121   SBS         0.00057        -0.49943        -0.50000         0.50000         0.00000    121
     316  r    122 N  FR         0.28632        -0.21368        -0.50000         0.50000        -0.00117    122
     317  r    123    BS        -0.00068         0.49932        -0.50000         0.50000          .         123
     318  r    124 A  FR        -0.00098         0.49902        -0.50000         0.50000        -0.00056    124
     319  r    125    BS         0.00050        -0.49950        -0.50000         0.50000          .         125
     320  r    126 N  FR        -0.00197         0.49803        -0.50000         0.50000        -0.00139    126
1

 Section 2 - Variables

  Number  .Column. State  ...Value......  .Obj Gradient.  ..Lower Limit.  ..Upper Limit.  .Dual Variable    m+j

       1  x      1 N SBS         0.50153         0.00119          .              1.0             0.00102    127
       2  x      2   SBS         0.02367        -0.00071          .              1.0            -0.00061    128
       3  x      3 N  FR         0.68422        -0.00153          .              1.0            -0.00153    129
       4  x      4 A  FR         0.95436         0.00093         0.50000         1.50000         0.00095    130
       5  x      5 N  FR         0.35929        -0.00283        -0.50000         0.50000        -0.00289    131
       6  x      6 N  FR        -0.00079        -0.00087        -0.50000         0.50000        -0.00115    132
       7  x      7   SBS        -0.00082        -0.00114        -0.50000         0.50000        -0.00094    133
       8  x      8   SBS         0.50009        -0.00182          .              1.0            -0.00063    134
       9  x      9 N  FR         0.02515         0.00721          .              1.0             0.00522    135
      10  x     10 A  FR         0.68556        -0.00015          .              1.0            -0.00084    136
      11  x     11   SBS         0.95397         0.00038         0.50000         1.50000         0.00087    137
      12  x     12   SBS         0.36224         0.00227        -0.50000         0.50000         0.00099    138
      13  x     13    BS         0.00028         0.00096        -0.50000         0.50000         0.00091    139
      14  x     14   SBS         0.00058         0.00217        -0.50000         0.50000         0.00091    140
      15  x     15   SBS        -0.00032        -0.00001           None            None         -0.00001    141
      16  x     16   SBS        -0.00056        -0.00001           None            None         -0.00001    142
      17  x     17   SBS        -0.00131        -0.00003           None            None         -0.00003    143
      18  x     18    BS         0.50092         0.00215           None            None          0.00052    144
      19  x     19    BS         0.01824        -0.00560           None            None         -0.00139    145
      20  x     20   SBS         0.68655        -0.00234           None            None         -0.00095    146
      21  x     21    BS         0.95385         0.00335           None            None          0.00075    147
      22  x     22    BS         0.36183        -0.00146           None            None         -0.00029    148
      23  x     23   SBS         0.00015        -0.00045           None            None          0.00003    149
      24  x     24    BS        -0.00072        -0.00104           None            None         -0.00000    150
      25  x     25   SBS         0.00010         0.00000           None            None         -0.00002    151
      26  x     26   SBS         0.00073         0.00001           None            None          0.00001    152
      27  x     27   SBS         0.00126         0.00003           None            None          0.00003    153
      28  x     28    BS         0.49908        -0.00101           None            None         -0.00050    154
      29  x     29    BS         0.01878        -0.00032           None            None         -0.00014    155
      30  x     30    BS         0.68996         0.00102           None            None         -0.00027    156
      31  x     31    BS         0.95029        -0.00258           None            None         -0.00081    157
      32  x     32    BS         0.36274        -0.00162           None            None         -0.00166    158
      33  x     33    BS         0.00058         0.00152           None            None          0.00030    159
      34  x     34   SBS        -0.00074        -0.00072           None            None         -0.00062    160
      35  x     35   SBS        -0.00150        -0.00003           None            None         -0.00005    161
      36  x     36   SBS         0.00132         0.00003           None            None          0.00003    162
      37  x     37   SBS        -0.00032        -0.00001           None            None         -0.00000    163
      38  x     38    BS         0.49848        -0.00093           None            None         -0.00036    164
      39  x     39    BS         0.02019         0.00393           None            None          0.00148    165
      40  x     40   SBS         0.69165         0.00084           None            None         -0.00026    166
      41  x     41    BS         0.95062         0.00359           None            None          0.00157    167
      42  x     42    BS         0.36517         0.00200           None            None         -0.00034    168
      43  x     43    BS        -0.00087        -0.00180           None            None         -0.00074    169
      44  x     44   SBS         0.00012         0.00023           None            None          0.00017    170
      45  x     45   SBS         0.00058         0.00001           None            None          0.00001    171
      46  x     46   SBS        -0.00027        -0.00001           None            None         -0.00001    172
      47  x     47   SBS         0.00004         0.00000           None            None         -0.00000    173
      48  x     48   SBS         0.49901         0.00102           None            None          0.00024    174
      49  x     49    BS         0.01719         0.00075           None            None          0.00113    175
      50  x     50    BS         0.69191        -0.00240           None            None          0.00019    176
      51  x     51   SBS         0.94713         0.00006           None            None          0.00012    177
      52  x     52    BS         0.36466        -0.00312           None            None         -0.00190    178
      53  x     53   SBS        -0.00009        -0.00000           None            None         -0.00046    179
      54  x     54   SBS         0.00069         0.00056           None            None          0.00081    180
      55  x     55   SBS         0.00274         0.00005           None            None          0.00006    181
      56  x     56   SBS         0.00042         0.00001           None            None          0.00001    182
      57  x     57   SBS        -0.00066        -0.00001           None            None         -0.00001    183
      58  x     58   SBS         0.49824        -0.00297           None            None         -0.00042    184
      59  x     59    BS         0.01369         0.00203           None            None          0.00136    185
      60  x     60    BS         0.69479         0.00351           None            None          0.00075    186
      61  x     61    BS         0.94415         0.00006           None            None         -0.00033    187
      62  x     62    BS         0.36760        -0.00248           None            None         -0.00081    188
      63  x     63   SBS         0.00069         0.00236           None            None          0.00056    189
      64  x     64   SBS         0.00058         0.00039           None            None          0.00015    190
      65  x     65   SBS         0.00065         0.00001           None            None          0.00003    191
      66  x     66   SBS         0.00116         0.00002           None            None          0.00002    192
      67  x     67   SBS         0.00050         0.00001           None            None          0.00000    193
      68  x     68    BS         0.50114         0.00339           None            None          0.00096    194
      69  x     69    BS         0.00799         0.00325           None            None         -0.00012    195
      70  x     70    BS         0.69296         0.00098           None            None         -0.00092    196
      71  x     71    BS         0.94160         0.00122           None            None         -0.00043    197
      72  x     72    BS         0.37326        -0.00005           None            None          0.00064    198
      73  x     73    BS        -0.00146        -0.00254           None            None         -0.00033    199
      74  x     74    BS        -0.00000         0.00041           None            None          0.00020    200
      75  x     75   SBS        -0.00021        -0.00000           None            None          0.00002    201
      76  x     76 A  FR        -0.00002        -0.00000           None            None         -0.00000    202
      77  x     77   SBS        -0.00144        -0.00003           None            None         -0.00003    203
      78  x     78    BS         0.49983        -0.00013           None            None         -0.00013    204
      79  x     79    BS        -0.00158        -0.00567           None            None         -0.00206    205
      80  x     80 N SBS         0.68956        -0.00655           None            None         -0.00128    206
      81  x     81    BS         0.93797        -0.00105           None            None         -0.00114    207
      82  x     82    BS         0.37876         0.00445           None            None          0.00207    208
      83  x     83    BS        -0.00048         0.00000           None            None         -0.00027    209
      84  x     84   SBS        -0.00109        -0.00113           None            None         -0.00083    210
      85  x     85   SBS         0.00028         0.00001           None            None          0.00001    211
      86  x     86   SBS        -0.00040        -0.00001           None            None         -0.00001    212
      87  x     87   SBS         0.00137         0.00003           None            None          0.00003    213
      88  x     88   SBS         0.49867        -0.00277           None            None         -0.00083    214
      89  x     89    BS        -0.00411        -0.00266           None            None         -0.00324    215
      90  x     90    BS         0.69391         0.00296           None            None         -0.00043    216
      91  x     91    BS         0.93601        -0.00230           None            None         -0.00209    217
      92  x     92    BS         0.37859         0.00034           None            None          0.00154    218
      93  x     93   SBS         0.00049         0.00122           None            None          0.00075    219
      94  x     94    BS        -0.00079        -0.00126           None            None         -0.00051    220
      95  x     95   SBS        -0.00009        -0.00000           None            None         -0.00000    221
      96  x     96   SBS         0.00043         0.00001           None            None          0.00001    222
      97  x     97   SBS         0.00045         0.00001           None            None          0.00000    223
      98  x     98    BS         0.50094         0.00395           None            None          0.00037    224
      99  x     99    BS        -0.00342        -0.00525           None            None         -0.00335    225
     100  x    100    BS         0.69422         0.00312           None            None          0.00032    226
     101  x    101    BS         0.93723        -0.00034           None            None          0.00018    227
     102  x    102    BS         0.37788         0.00445           None            None          0.00171    228
     103  x    103    BS        -0.00006        -0.00159           None            None         -0.00018    229
     104  x    104    BS         0.00108         0.00424           None            None          0.00055    230
     105  x    105   SBS         0.00031         0.00001           None            None         -0.00002    231
     106  x    106   SBS        -0.00034        -0.00001           None            None         -0.00001    232
     107  x    107   SBS         0.00028         0.00001           None            None          0.00001    233
     108  x    108    BS         0.49829        -0.00268           None            None         -0.00094    234
     109  x    109    BS         0.00376        -0.00266           None            None         -0.00207    235
     110  x    110 N SBS         0.69030        -0.00302           None            None         -0.00104    236
     111  x    111    BS         0.93920         0.00236           None            None          0.00051    237
     112  x    112    BS         0.37149         0.00122           None            None          0.00026    238
     113  x    113    BS         0.00138         0.00299           None            None          0.00074    239
     114  x    114    BS        -0.00234        -0.00490           None            None         -0.00040    240
     115  x    115   SBS        -0.00071        -0.00001           None            None         -0.00004    241
     116  x    116   SBS         0.00004         0.00000           None            None          0.00000    242
     117  x    117   SBS        -0.00058        -0.00001           None            None         -0.00001    243
     118  x    118   SBS         0.49896        -0.00030           None            None          0.00007    244
     119  x    119    BS         0.01435        -0.00196           None            None         -0.00014    245
     120  x    120    BS         0.68975        -0.00214           None            None         -0.00110    246
     121  x    121    BS         0.93860        -0.00240           None            None         -0.00093    247
     122  x    122    BS         0.36329        -0.00178           None            None         -0.00133    248
     123  x    123    BS        -0.00089        -0.00386           None            None         -0.00021    249
     124  x    124    BS         0.00032         0.00337           None            None          0.00057    250
     125  x    125   SBS        -0.00172        -0.00003           None            None         -0.00006    251
     126  x    126   SBS         0.00074         0.00001           None            None          0.00002    252
     127  x    127 A  FR         0.00022         0.00000           None            None         -0.00000    253
     128  x    128   SBS         0.49997         0.00198           None            None          0.00034    254
     129  x    129    BS         0.02775         0.00689           None            None          0.00174    255
     130  x    130    BS         0.69144         0.00150           None            None         -0.00023    256
     131  x    131    BS         0.94136         0.00436           None            None          0.00148    257
     132  x    132   SBS         0.35682        -0.00093           None            None         -0.00059    258
     133  x    133    BS         0.00165         0.00270           None            None          0.00071    259
     134  x    134    BS        -0.00123        -0.00201           None            None         -0.00038    260
     135  x    135   SBS        -0.00014        -0.00000           None            None          0.00001    261
     136  x    136   SBS         0.00029         0.00001           None            None          0.00001    262
     137  x    137   SBS         0.00191         0.00004           None            None          0.00005    263
     138  x    138    BS         0.49852        -0.00152           None            None         -0.00020    264
     139  x    139    BS         0.03323        -0.00092           None            None          0.00120    265
     140  x    140   SBS         0.69086        -0.00221           None            None         -0.00063    266
     141  x    141    BS         0.93911        -0.00066           None            None         -0.00061    267
     142  x    142    BS         0.35087        -0.00354           None            None         -0.00221    268
     143  x    143   SBS         0.00084         0.00019           None            None         -0.00002    269
     144  x    144   SBS        -0.00030         0.00229           None            None          0.00055    270
     145  x    145   SBS         0.00103         0.00002           None            None          0.00002    271
     146  x    146   SBS         0.00132         0.00003           None            None          0.00003    272
     147  x    147   SBS         0.00024         0.00000           None            None          0.00000    273
     148  x    148   SBS         0.49893        -0.00018           None            None         -0.00011    274
     149  x    149    BS         0.04069         0.00301           None            None          0.00252    275
     150  x    150    BS         0.69265         0.00123           None            None         -0.00019    276
     151  x    151    BS         0.93807        -0.00180           None            None         -0.00034    277
     152  x    152    BS         0.34856         0.00011           None            None         -0.00084    278
     153  x    153    BS        -0.00018        -0.00261           None            None         -0.00052    279
     154  x    154    BS        -0.00224        -0.00437           None            None         -0.00038    280
     155  x    155   SBS         0.00051         0.00001           None            None          0.00001    281
     156  x    156   SBS         0.00075         0.00002           None            None          0.00002    282
     157  x    157   SBS        -0.00176        -0.00004           None            None         -0.00004    283
     158  x    158   SBS         0.49953         0.00024           None            None          0.00021    284
     159  x    159    BS         0.04541         0.00312           None            None          0.00191    285
     160  x    160   SBS         0.69253        -0.00010           None            None         -0.00061    286
     161  x    161    BS         0.93963         0.00134           None            None          0.00122    287
     162  x    162    BS         0.34526        -0.00134           None            None         -0.00103    288
     163  x    163    BS         0.00206         0.00275           None            None          0.00048    289
     164  x    164    BS         0.00124         0.00331           None            None          0.00059    290
     165  x    165   SBS        -0.00221        -0.00004           None            None         -0.00004    291
     166  x    166   SBS        -0.00009        -0.00000           None            None         -0.00000    292
     167  x    167   SBS        -0.00020        -0.00000           None            None         -0.00000    293
     168  x    168   SBS         0.49982        -0.00027           None            None         -0.00008    294
     169  x    169    BS         0.04737         0.00003           None            None          0.00109    295
     170  x    170    BS         0.69217        -0.00149           None            None         -0.00113    296
     171  x    171    BS         0.93991         0.00180           None            None          0.00155    297
     172  x    172    BS         0.34270        -0.00045           None            None         -0.00058    298
     173  x    173    BS         0.00091        -0.00115           None            None         -0.00040    299
     174  x    174   SBS         0.00061         0.00118           None            None          0.00021    300
     175  x    175   SBS        -0.00287        -0.00006           None            None         -0.00006    301
     176  x    176   SBS         0.00068         0.00001           None            None          0.00001    302
     177  x    177   SBS        -0.00063        -0.00001           None            None         -0.00001    303
     178  x    178   SBS         0.50044         0.00145           None            None          0.00047    304
     179  x    179 N SBS         0.05046         0.00175           None            None          0.00171    305
     180  x    180   SBS         0.69330        -0.00093           None            None         -0.00052    306
     181  x    181    BS         0.93835        -0.00183           None            None         -0.00071    307
     182  x    182    BS         0.33970        -0.00315           None            None         -0.00196    308
     183  x    183   SBS         0.00122         0.00057           None            None          0.00027    309
     184  x    184    BS        -0.00147        -0.00312           None            None         -0.00084    310
     185  x    185   SBS         0.00080         0.00002           None            None          0.00002    311
     186  x    186   SBS         0.00038         0.00001           None            None          0.00001    312
     187  x    187   SBS        -0.00097        -0.00002           None            None         -0.00001    313
     188  x    188   SBS         0.49926        -0.00089          .              1.0            -0.00009    314
     189  x    189 N  FR         0.05264         0.00179        -0.50000         0.50000         0.00179    315
     190  x    190    BS         0.69525         0.00161         0.20711         1.20711         0.00044    316
     191  x    191   SBS         0.93943         0.00092         0.42388         1.42388         0.00092    317
     192  x    192   SBS         0.33957        -0.00006        -0.11732         0.88268        -0.00062    318
     193  x    193   SBS         0.00085        -0.00025        -0.50000         0.50000        -0.00025    319
     194  x    194    BS         0.00030         0.00147        -0.50000         0.50000         0.00008    320

 Time for MPS input                             0.00 seconds
 Time for solving problem                       3.34 seconds
 Time for solution output                       0.02 seconds
 Time for constraint functions                  3.23 seconds
 Time for objective function                    0.12 seconds
